c:\users\lenovopc\source\repos\sfml_cpp_2048\sfml_cpp_2048\x64\debug\vc142.pdb
c:\users\lenovopc\source\repos\sfml_cpp_2048\sfml_cpp_2048\x64\debug\vc142.idb
c:\users\lenovopc\source\repos\sfml_cpp_2048\sfml_cpp_2048\x64\debug\view.obj
c:\users\lenovopc\source\repos\sfml_cpp_2048\sfml_cpp_2048\x64\debug\main.obj
c:\users\lenovopc\source\repos\sfml_cpp_2048\sfml_cpp_2048\x64\debug\game.obj
c:\users\lenovopc\source\repos\sfml_cpp_2048\sfml_cpp_2048\x64\debug\dto.obj
c:\users\lenovopc\source\repos\sfml_cpp_2048\sfml_cpp_2048\x64\debug\util.obj
c:\users\lenovopc\source\repos\sfml_cpp_2048\sfml_cpp_2048\x64\debug\controller.obj
c:\users\lenovopc\source\repos\sfml_cpp_2048\x64\debug\sfml_cpp_2048.pdb
c:\users\lenovopc\source\repos\sfml_cpp_2048\sfml_cpp_2048\x64\debug\sfml_cpp_2048.tlog\cl.command.1.tlog
c:\users\lenovopc\source\repos\sfml_cpp_2048\sfml_cpp_2048\x64\debug\sfml_cpp_2048.tlog\cl.read.1.tlog
c:\users\lenovopc\source\repos\sfml_cpp_2048\sfml_cpp_2048\x64\debug\sfml_cpp_2048.tlog\cl.write.1.tlog
c:\users\lenovopc\source\repos\sfml_cpp_2048\sfml_cpp_2048\x64\debug\sfml_cpp_2048.tlog\link-cvtres.read.1.tlog
c:\users\lenovopc\source\repos\sfml_cpp_2048\sfml_cpp_2048\x64\debug\sfml_cpp_2048.tlog\link-cvtres.write.1.tlog
c:\users\lenovopc\source\repos\sfml_cpp_2048\sfml_cpp_2048\x64\debug\sfml_cpp_2048.tlog\link-rc.read.1.tlog
c:\users\lenovopc\source\repos\sfml_cpp_2048\sfml_cpp_2048\x64\debug\sfml_cpp_2048.tlog\link-rc.write.1.tlog
c:\users\lenovopc\source\repos\sfml_cpp_2048\sfml_cpp_2048\x64\debug\sfml_cpp_2048.tlog\link.10480-cvtres.read.1.tlog
c:\users\lenovopc\source\repos\sfml_cpp_2048\sfml_cpp_2048\x64\debug\sfml_cpp_2048.tlog\link.10480-cvtres.write.1.tlog
c:\users\lenovopc\source\repos\sfml_cpp_2048\sfml_cpp_2048\x64\debug\sfml_cpp_2048.tlog\link.10480-rc.read.1.tlog
c:\users\lenovopc\source\repos\sfml_cpp_2048\sfml_cpp_2048\x64\debug\sfml_cpp_2048.tlog\link.10480-rc.write.1.tlog
c:\users\lenovopc\source\repos\sfml_cpp_2048\sfml_cpp_2048\x64\debug\sfml_cpp_2048.tlog\link.10480.read.1.tlog
c:\users\lenovopc\source\repos\sfml_cpp_2048\sfml_cpp_2048\x64\debug\sfml_cpp_2048.tlog\link.10480.write.1.tlog
c:\users\lenovopc\source\repos\sfml_cpp_2048\sfml_cpp_2048\x64\debug\sfml_cpp_2048.tlog\link.command.1.tlog
c:\users\lenovopc\source\repos\sfml_cpp_2048\sfml_cpp_2048\x64\debug\sfml_cpp_2048.tlog\link.read.1.tlog
c:\users\lenovopc\source\repos\sfml_cpp_2048\sfml_cpp_2048\x64\debug\sfml_cpp_2048.tlog\link.write.1.tlog
